# JRE version: Java(TM) SE Runtime Environment (8.0_92-b14) (build 1.8.0_92-b14)
# Java VM: Java HotSpot(TM) 64-Bit Server VM (25.92-b14 mixed mode windows-amd64 compressed oops)
Heap:
 PSYoungGen      total 38400K, used 22757K [0x00000000d5700000, 0x00000000dbb00000, 0x0000000100000000)
  eden space 33280K, 68% used [0x00000000d5700000,0x00000000d6d39678,0x00000000d7780000)
  from space 5120K, 0% used [0x00000000d7780000,0x00000000d7780000,0x00000000d7c80000)
  to   space 17920K, 0% used [0x00000000da980000,0x00000000da980000,0x00000000dbb00000)
 ParOldGen       total 53248K, used 6102K [0x0000000080400000, 0x0000000083800000, 0x00000000d5700000)
  object space 53248K, 11% used [0x0000000080400000,0x00000000809f5828,0x0000000083800000)
 Metaspace       used 22661K, capacity 22858K, committed 23088K, reserved 1069056K
  class space    used 2770K, capacity 2861K, committed 2944K, reserved 1048576K
GC Heap History (10 events):
Event: 79.185 GC heap before
{Heap before GC invocations=2 (full 0):
 PSYoungGen      total 38400K, used 38399K [0x00000000d5700000, 0x00000000d8180000, 0x0000000100000000)
  eden space 33280K, 100% used [0x00000000d5700000,0x00000000d7780000,0x00000000d7780000)
  from space 5120K, 99% used [0x00000000d7780000,0x00000000d7c7fd48,0x00000000d7c80000)
  to   space 5120K, 0% used [0x00000000d7c80000,0x00000000d7c80000,0x00000000d8180000)
 ParOldGen       total 87552K, used 1609K [0x0000000080400000, 0x0000000085980000, 0x00000000d5700000)
  object space 87552K, 1% used [0x0000000080400000,0x0000000080592558,0x0000000085980000)
 Metaspace       used 15460K, capacity 15674K, committed 15872K, reserved 1062912K
  class space    used 1823K, capacity 1921K, committed 2048K, reserved 1048576K
Event: 79.191 GC heap after
Heap after GC invocations=2 (full 0):
 PSYoungGen      total 38400K, used 5118K [0x00000000d5700000, 0x00000000d8180000, 0x0000000100000000)
  eden space 33280K, 0% used [0x00000000d5700000,0x00000000d5700000,0x00000000d7780000)
  from space 5120K, 99% used [0x00000000d7c80000,0x00000000d817f918,0x00000000d8180000)
  to   space 5120K, 0% used [0x00000000d7780000,0x00000000d7780000,0x00000000d7c80000)
 ParOldGen       total 87552K, used 6652K [0x0000000080400000, 0x0000000085980000, 0x00000000d5700000)
  object space 87552K, 7% used [0x0000000080400000,0x0000000080a7f118,0x0000000085980000)
 Metaspace       used 15460K, capacity 15674K, committed 15872K, reserved 1062912K
  class space    used 1823K, capacity 1921K, committed 2048K, reserved 1048576K
}
Event: 79.435 GC heap before
{Heap before GC invocations=3 (full 0):
 PSYoungGen      total 38400K, used 38398K [0x00000000d5700000, 0x00000000d8180000, 0x0000000100000000)
  eden space 33280K, 100% used [0x00000000d5700000,0x00000000d7780000,0x00000000d7780000)
  from space 5120K, 99% used [0x00000000d7c80000,0x00000000d817f918,0x00000000d8180000)
  to   space 5120K, 0% used [0x00000000d7780000,0x00000000d7780000,0x00000000d7c80000)
 ParOldGen       total 87552K, used 6652K [0x0000000080400000, 0x0000000085980000, 0x00000000d5700000)
  object space 87552K, 7% used [0x0000000080400000,0x0000000080a7f118,0x0000000085980000)
 Metaspace       used 15460K, capacity 15674K, committed 15872K, reserved 1062912K
  class space    used 1823K, capacity 1921K, committed 2048K, reserved 1048576K
Event: 79.442 GC heap after
Heap after GC invocations=3 (full 0):
 PSYoungGen      total 38400K, used 5099K [0x00000000d5700000, 0x00000000d8180000, 0x0000000100000000)
  eden space 33280K, 0% used [0x00000000d5700000,0x00000000d5700000,0x00000000d7780000)
  from space 5120K, 99% used [0x00000000d7780000,0x00000000d7c7ada8,0x00000000d7c80000)
  to   space 5120K, 0% used [0x00000000d7c80000,0x00000000d7c80000,0x00000000d8180000)
 ParOldGen       total 87552K, used 17265K [0x0000000080400000, 0x0000000085980000, 0x00000000d5700000)
  object space 87552K, 19% used [0x0000000080400000,0x00000000814dc5e0,0x0000000085980000)
 Metaspace       used 15460K, capacity 15674K, committed 15872K, reserved 1062912K
  class space    used 1823K, capacity 1921K, committed 2048K, reserved 1048576K
}
Event: 80.426 GC heap before
{Heap before GC invocations=4 (full 0):
 PSYoungGen      total 38400K, used 38379K [0x00000000d5700000, 0x00000000d8180000, 0x0000000100000000)
  eden space 33280K, 100% used [0x00000000d5700000,0x00000000d7780000,0x00000000d7780000)
  from space 5120K, 99% used [0x00000000d7780000,0x00000000d7c7ada8,0x00000000d7c80000)
  to   space 5120K, 0% used [0x00000000d7c80000,0x00000000d7c80000,0x00000000d8180000)
 ParOldGen       total 87552K, used 17265K [0x0000000080400000, 0x0000000085980000, 0x00000000d5700000)
  object space 87552K, 19% used [0x0000000080400000,0x00000000814dc5e0,0x0000000085980000)
 Metaspace       used 20214K, capacity 20434K, committed 20736K, reserved 1067008K
  class space    used 2440K, capacity 2505K, committed 2560K, reserved 1048576K
Event: 80.434 GC heap after
Heap after GC invocations=4 (full 0):
 PSYoungGen      total 38400K, used 5088K [0x00000000d5700000, 0x00000000d8180000, 0x0000000100000000)
  eden space 33280K, 0% used [0x00000000d5700000,0x00000000d5700000,0x00000000d7780000)
  from space 5120K, 99% used [0x00000000d7c80000,0x00000000d8178090,0x00000000d8180000)
  to   space 5120K, 0% used [0x00000000d7780000,0x00000000d7780000,0x00000000d7c80000)
 ParOldGen       total 87552K, used 24746K [0x0000000080400000, 0x0000000085980000, 0x00000000d5700000)
  object space 87552K, 28% used [0x0000000080400000,0x0000000081c2aa58,0x0000000085980000)
 Metaspace       used 20214K, capacity 20434K, committed 20736K, reserved 1067008K
  class space    used 2440K, capacity 2505K, committed 2560K, reserved 1048576K
}
Event: 80.568 GC heap before
{Heap before GC invocations=5 (full 0):
 PSYoungGen      total 38400K, used 9077K [0x00000000d5700000, 0x00000000d8180000, 0x0000000100000000)
  eden space 33280K, 11% used [0x00000000d5700000,0x00000000d5ae5420,0x00000000d7780000)
  from space 5120K, 99% used [0x00000000d7c80000,0x00000000d8178090,0x00000000d8180000)
  to   space 5120K, 0% used [0x00000000d7780000,0x00000000d7780000,0x00000000d7c80000)
 ParOldGen       total 87552K, used 24746K [0x0000000080400000, 0x0000000085980000, 0x00000000d5700000)
  object space 87552K, 28% used [0x0000000080400000,0x0000000081c2aa58,0x0000000085980000)
 Metaspace       used 20871K, capacity 21074K, committed 21296K, reserved 1069056K
  class space    used 2524K, capacity 2633K, committed 2688K, reserved 1048576K
Event: 80.571 GC heap after
Heap after GC invocations=5 (full 0):
 PSYoungGen      total 38400K, used 5104K [0x00000000d5700000, 0x00000000dbb00000, 0x0000000100000000)
  eden space 33280K, 0% used [0x00000000d5700000,0x00000000d5700000,0x00000000d7780000)
  from space 5120K, 99% used [0x00000000d7780000,0x00000000d7c7c0a0,0x00000000d7c80000)
  to   space 17920K, 0% used [0x00000000da980000,0x00000000da980000,0x00000000dbb00000)
 ParOldGen       total 87552K, used 25250K [0x0000000080400000, 0x0000000085980000, 0x00000000d5700000)
  object space 87552K, 28% used [0x0000000080400000,0x0000000081ca8a50,0x0000000085980000)
 Metaspace       used 20871K, capacity 21074K, committed 21296K, reserved 1069056K
  class space    used 2524K, capacity 2633K, committed 2688K, reserved 1048576K
}
Event: 80.571 GC heap before
{Heap before GC invocations=6 (full 1):
 PSYoungGen      total 38400K, used 5104K [0x00000000d5700000, 0x00000000dbb00000, 0x0000000100000000)
  eden space 33280K, 0% used [0x00000000d5700000,0x00000000d5700000,0x00000000d7780000)
  from space 5120K, 99% used [0x00000000d7780000,0x00000000d7c7c0a0,0x00000000d7c80000)
  to   space 17920K, 0% used [0x00000000da980000,0x00000000da980000,0x00000000dbb00000)
 ParOldGen       total 87552K, used 25250K [0x0000000080400000, 0x0000000085980000, 0x00000000d5700000)
  object space 87552K, 28% used [0x0000000080400000,0x0000000081ca8a50,0x0000000085980000)
 Metaspace       used 20871K, capacity 21074K, committed 21296K, reserved 1069056K
  class space    used 2524K, capacity 2633K, committed 2688K, reserved 1048576K
Event: 80.587 GC heap after
Heap after GC invocations=6 (full 1):
 PSYoungGen      total 38400K, used 0K [0x00000000d5700000, 0x00000000dbb00000, 0x0000000100000000)
  eden space 33280K, 0% used [0x00000000d5700000,0x00000000d5700000,0x00000000d7780000)
  from space 5120K, 0% used [0x00000000d7780000,0x00000000d7780000,0x00000000d7c80000)
  to   space 17920K, 0% used [0x00000000da980000,0x00000000da980000,0x00000000dbb00000)
 ParOldGen       total 53248K, used 6102K [0x0000000080400000, 0x0000000083800000, 0x00000000d5700000)
  object space 53248K, 11% used [0x0000000080400000,0x00000000809f5828,0x0000000083800000)
 Metaspace       used 20871K, capacity 21074K, committed 21296K, reserved 1069056K
  class space    used 2524K, capacity 2633K, committed 2688K, reserved 1048576K
}

